<?xml version="1.0" encoding="UTF-8"?>
<testsuite name="test.java.model.GraphManagerTest" tests="1" skipped="0" failures="0" errors="0" timestamp="2016-11-16T16:30:09" hostname="lawn-128-61-32-142.lawn.gatech.edu" time="5.62">
  <properties/>
  <testcase name="getLocationsTest" classname="test.java.model.GraphManagerTest" time="5.62"/>
  <system-out><![CDATA[]]></system-out>
  <system-err><![CDATA[]]></system-err>
</testsuite>
